<?xml version="1.0" encoding="UTF-8"?>
<!-- Generated by org.testng.reporters.JUnitXMLReporter -->
<testsuite ignored="0" hostname="DESKTOP-6TDMLL8" failures="0" tests="5" name="Default test" time="0.055" errors="0" timestamp="2022-04-19T19:05:20 IST">
  <testcase classname="TEstApi1.PriorityCheck" name="f3" time="0.007"/>
  <testcase classname="TEstApi1.PriorityCheck" name="f1" time="0.001"/>
  <testcase classname="TEstApi1.PriorityCheck" name="f2" time="0.002"/>
  <testcase classname="TEstApi1.PriorityCheck" name="f4" time="0.001"/>
  <testcase classname="TEstApi1.PriorityCheck" name="z4" time="0.001"/>
</testsuite> <!-- Default test -->
