<?xml version="1.0" encoding="UTF-8"?>
<testng-results ignored="0" total="5" passed="5" failed="0" skipped="0">
  <reporter-output>
  </reporter-output>
  <suite started-at="2022-04-19T19:05:20 IST" name="Default suite" finished-at="2022-04-19T19:05:20 IST" duration-ms="55">
    <groups>
    </groups>
    <test started-at="2022-04-19T19:05:20 IST" name="Default test" finished-at="2022-04-19T19:05:20 IST" duration-ms="55">
      <class name="TEstApi1.PriorityCheck">
        <test-method signature="f3()[pri:-3, instance:TEstApi1.PriorityCheck@45018215]" started-at="2022-04-19T19:05:20 IST" name="f3" finished-at="2022-04-19T19:05:20 IST" duration-ms="7" status="PASS">
          <reporter-output>
          </reporter-output>
        </test-method> <!-- f3 -->
        <test-method signature="f1()[pri:0, instance:TEstApi1.PriorityCheck@45018215]" started-at="2022-04-19T19:05:20 IST" name="f1" finished-at="2022-04-19T19:05:20 IST" duration-ms="1" status="PASS">
          <reporter-output>
          </reporter-output>
        </test-method> <!-- f1 -->
        <test-method signature="f2()[pri:0, instance:TEstApi1.PriorityCheck@45018215]" started-at="2022-04-19T19:05:20 IST" name="f2" finished-at="2022-04-19T19:05:20 IST" duration-ms="2" status="PASS">
          <reporter-output>
          </reporter-output>
        </test-method> <!-- f2 -->
        <test-method signature="f4()[pri:0, instance:TEstApi1.PriorityCheck@45018215]" started-at="2022-04-19T19:05:20 IST" name="f4" finished-at="2022-04-19T19:05:20 IST" duration-ms="1" status="PASS">
          <reporter-output>
          </reporter-output>
        </test-method> <!-- f4 -->
        <test-method signature="z4()[pri:0, instance:TEstApi1.PriorityCheck@45018215]" started-at="2022-04-19T19:05:20 IST" name="z4" finished-at="2022-04-19T19:05:20 IST" duration-ms="1" status="PASS">
          <reporter-output>
          </reporter-output>
        </test-method> <!-- z4 -->
      </class> <!-- TEstApi1.PriorityCheck -->
    </test> <!-- Default test -->
  </suite> <!-- Default suite -->
</testng-results>
